<?xml version="1.0" encoding="UTF-8"?>
<testng-results ignored="2" total="5" passed="2" failed="1" skipped="0">
  <reporter-output>
  </reporter-output>
  <suite started-at="2023-07-26T16:41:49 IST" name="Suite" finished-at="2023-07-26T16:42:43 IST" duration-ms="54569">
    <groups>
    </groups>
    <test started-at="2023-07-26T16:41:49 IST" name="Test" finished-at="2023-07-26T16:42:43 IST" duration-ms="54569">
      <class name="Automation_wbsite_test.ToFailTest">
        <test-method signature="FailtestScenario()[pri:0, instance:Automation_wbsite_test.ToFailTest@7d61eb55]" started-at="2023-07-26T16:42:43 IST" name="FailtestScenario" finished-at="2023-07-26T16:42:43 IST" duration-ms="8" status="FAIL">
          <exception class="java.lang.AssertionError">
            <message>
              <![CDATA[expected [Automation Exercise!!] but found [Automation Exercise]]]>
            </message>
            <full-stacktrace>
              <![CDATA[java.lang.AssertionError: expected [Automation Exercise!!] but found [Automation Exercise]
at org.testng.Assert.fail(Assert.java:99)
at org.testng.Assert.failNotEquals(Assert.java:1037)
at org.testng.Assert.assertEqualsImpl(Assert.java:140)
at org.testng.Assert.assertEquals(Assert.java:122)
at org.testng.Assert.assertEquals(Assert.java:629)
at org.testng.Assert.assertEquals(Assert.java:639)
at Automation_wbsite_test.ToFailTest.FailtestScenario(ToFailTest.java:24)
at java.base/jdk.internal.reflect.NativeMethodAccessorImpl.invoke0(Native Method)
at java.base/jdk.internal.reflect.NativeMethodAccessorImpl.invoke(NativeMethodAccessorImpl.java:62)
at java.base/jdk.internal.reflect.DelegatingMethodAccessorImpl.invoke(DelegatingMethodAccessorImpl.java:43)
at java.base/java.lang.reflect.Method.invoke(Method.java:566)
at org.testng.internal.MethodInvocationHelper.invokeMethod(MethodInvocationHelper.java:133)
at org.testng.internal.TestInvoker.invokeMethod(TestInvoker.java:598)
at org.testng.internal.TestInvoker.invokeTestMethod(TestInvoker.java:173)
at org.testng.internal.MethodRunner.runInSequence(MethodRunner.java:46)
at org.testng.internal.TestInvoker$MethodInvocationAgent.invoke(TestInvoker.java:824)
at org.testng.internal.TestInvoker.invokeTestMethods(TestInvoker.java:146)
at org.testng.internal.TestMethodWorker.invokeTestMethods(TestMethodWorker.java:146)
at org.testng.internal.TestMethodWorker.run(TestMethodWorker.java:128)
at java.base/java.util.ArrayList.forEach(ArrayList.java:1540)
at org.testng.TestRunner.privateRun(TestRunner.java:794)
at org.testng.TestRunner.run(TestRunner.java:596)
at org.testng.SuiteRunner.runTest(SuiteRunner.java:377)
at org.testng.SuiteRunner.runSequentially(SuiteRunner.java:371)
at org.testng.SuiteRunner.privateRun(SuiteRunner.java:332)
at org.testng.SuiteRunner.run(SuiteRunner.java:276)
at org.testng.SuiteRunnerWorker.runSuite(SuiteRunnerWorker.java:53)
at org.testng.SuiteRunnerWorker.run(SuiteRunnerWorker.java:96)
at org.testng.TestNG.runSuitesSequentially(TestNG.java:1212)
at org.testng.TestNG.runSuitesLocally(TestNG.java:1134)
at org.testng.TestNG.runSuites(TestNG.java:1063)
at org.testng.TestNG.run(TestNG.java:1031)
at org.testng.remote.AbstractRemoteTestNG.run(AbstractRemoteTestNG.java:115)
at org.testng.remote.RemoteTestNG.initAndRun(RemoteTestNG.java:251)
at org.testng.remote.RemoteTestNG.main(RemoteTestNG.java:77)
]]>
            </full-stacktrace>
          </exception> <!-- java.lang.AssertionError -->
          <reporter-output>
          </reporter-output>
        </test-method> <!-- FailtestScenario -->
      </class> <!-- Automation_wbsite_test.ToFailTest -->
      <class name="Automation_wbsite_test.EndToEndWholeTest">
        <test-method is-config="true" signature="initialization()[pri:0, instance:Automation_wbsite_test.EndToEndWholeTest@9cb8225]" started-at="2023-07-26T16:41:22 IST" name="initialization" finished-at="2023-07-26T16:41:49 IST" duration-ms="26498" status="PASS">
          <reporter-output>
          </reporter-output>
        </test-method> <!-- initialization -->
        <test-method signature="EndToEndTestRun(java.lang.String,java.lang.String,java.lang.String,java.lang.String,java.lang.String,java.lang.String,java.lang.String,java.lang.String,java.lang.String,java.lang.String,java.lang.String,java.lang.String,java.lang.String,java.lang.String,java.lang.String,java.lang.String)[pri:0, instance:Automation_wbsite_test.EndToEndWholeTest@9cb8225]" started-at="2023-07-26T16:41:51 IST" name="EndToEndTestRun" data-provider="XLSheet" finished-at="2023-07-26T16:42:19 IST" duration-ms="27281" status="PASS">
          <params>
            <param index="0">
              <value>
                <![CDATA[Ginesh]]>
              </value>
            </param>
            <param index="1">
              <value>
                <![CDATA[goyalginesh155@gmail.com]]>
              </value>
            </param>
            <param index="2">
              <value>
                <![CDATA[12345]]>
              </value>
            </param>
            <param index="3">
              <value>
                <![CDATA[Ginesh]]>
              </value>
            </param>
            <param index="4">
              <value>
                <![CDATA[Goyal]]>
              </value>
            </param>
            <param index="5">
              <value>
                <![CDATA[Mahendergarh]]>
              </value>
            </param>
            <param index="6">
              <value>
                <![CDATA[Harayana]]>
              </value>
            </param>
            <param index="7">
              <value>
                <![CDATA[Mahendergarh]]>
              </value>
            </param>
            <param index="8">
              <value>
                <![CDATA[123029]]>
              </value>
            </param>
            <param index="9">
              <value>
                <![CDATA[9896380211]]>
              </value>
            </param>
            <param index="10">
              <value>
                <![CDATA[Great shopping of the Day]]>
              </value>
            </param>
            <param index="11">
              <value>
                <![CDATA[Visa]]>
              </value>
            </param>
            <param index="12">
              <value>
                <![CDATA[1234567]]>
              </value>
            </param>
            <param index="13">
              <value>
                <![CDATA[234]]>
              </value>
            </param>
            <param index="14">
              <value>
                <![CDATA[July]]>
              </value>
            </param>
            <param index="15">
              <value>
                <![CDATA[2030]]>
              </value>
            </param>
          </params>
          <reporter-output>
          </reporter-output>
        </test-method> <!-- EndToEndTestRun -->
        <test-method signature="EndToEndTestRun(java.lang.String,java.lang.String,java.lang.String,java.lang.String,java.lang.String,java.lang.String,java.lang.String,java.lang.String,java.lang.String,java.lang.String,java.lang.String,java.lang.String,java.lang.String,java.lang.String,java.lang.String,java.lang.String)[pri:0, instance:Automation_wbsite_test.EndToEndWholeTest@9cb8225]" started-at="2023-07-26T16:42:19 IST" name="EndToEndTestRun" data-provider="XLSheet" finished-at="2023-07-26T16:42:43 IST" duration-ms="24158" status="PASS">
          <params>
            <param index="0">
              <value>
                <![CDATA[Rajni]]>
              </value>
            </param>
            <param index="1">
              <value>
                <![CDATA[gargrajni195@gmail.com]]>
              </value>
            </param>
            <param index="2">
              <value>
                <![CDATA[23456]]>
              </value>
            </param>
            <param index="3">
              <value>
                <![CDATA[Rajni]]>
              </value>
            </param>
            <param index="4">
              <value>
                <![CDATA[Garg]]>
              </value>
            </param>
            <param index="5">
              <value>
                <![CDATA[Gurugram]]>
              </value>
            </param>
            <param index="6">
              <value>
                <![CDATA[Haryana]]>
              </value>
            </param>
            <param index="7">
              <value>
                <![CDATA[Gurugram]]>
              </value>
            </param>
            <param index="8">
              <value>
                <![CDATA[123009]]>
              </value>
            </param>
            <param index="9">
              <value>
                <![CDATA[9896591392]]>
              </value>
            </param>
            <param index="10">
              <value>
                <![CDATA[Wow! Happy to shpping here]]>
              </value>
            </param>
            <param index="11">
              <value>
                <![CDATA[Platinum]]>
              </value>
            </param>
            <param index="12">
              <value>
                <![CDATA[123-345-345]]>
              </value>
            </param>
            <param index="13">
              <value>
                <![CDATA[344]]>
              </value>
            </param>
            <param index="14">
              <value>
                <![CDATA[August]]>
              </value>
            </param>
            <param index="15">
              <value>
                <![CDATA[2025]]>
              </value>
            </param>
          </params>
          <reporter-output>
          </reporter-output>
        </test-method> <!-- EndToEndTestRun -->
        <test-method is-config="true" signature="email()[pri:0, instance:Automation_wbsite_test.EndToEndWholeTest@9cb8225]" started-at="2023-07-26T16:42:48 IST" name="email" finished-at="2023-07-26T16:43:01 IST" duration-ms="12564" status="PASS">
          <reporter-output>
          </reporter-output>
        </test-method> <!-- email -->
      </class> <!-- Automation_wbsite_test.EndToEndWholeTest -->
    </test> <!-- Test -->
  </suite> <!-- Suite -->
</testng-results>
